This file contains any messages produced by compilers while
running configure, to aid debugging if configure makes a mistake.

It was created by configure, which was
generated by GNU Autoconf 2.58.  Invocation command line was

  $ /home/mtavares/Projects/DEI/EAI/Trabalhos/RoboCup/soop/configure --enable-debug=full

## --------- ##
## Platform. ##
## --------- ##

hostname = abutre.tavares.net
uname -m = i686
uname -r = 2.4.22-gentoo-r7
uname -s = Linux
uname -v = #3 Dom Fev 29 17:23:46 WET 2004

/usr/bin/uname -p = Intel(R) Pentium(R) 4 CPU 2.40GHz
/bin/uname -X     = unknown

/bin/arch              = i686
/usr/bin/arch -k       = unknown
/usr/convex/getsysinfo = unknown
hostinfo               = unknown
/bin/machine           = unknown
/usr/bin/oslevel       = unknown
/bin/universe          = unknown

PATH: /usr/kde/3.2/bin
PATH: /bin
PATH: /usr/bin
PATH: /usr/local/bin
PATH: /opt/bin
PATH: /usr/i686-pc-linux-gnu/gcc-bin/3.3
PATH: /opt/ati/bin
PATH: /opt/Acrobat5
PATH: /usr/X11R6/bin
PATH: /opt/blackdown-jdk-1.4.1/bin
PATH: /opt/blackdown-jdk-1.4.1/jre/bin
PATH: /usr/qt/3/bin
PATH: /usr/kde/3.2/bin
PATH: /usr/kde/3.1/bin
PATH: /usr/qt/2/bin
PATH: /usr/games/bin
PATH: /usr/share/karamba/bin


## ----------- ##
## Core tests. ##
## ----------- ##

configure:1514: checking for a BSD-compatible install
configure:1569: result: /bin/install -c
configure:1580: checking whether build environment is sane
configure:1623: result: yes
configure:1656: checking for gawk
configure:1672: found /bin/gawk
configure:1682: result: gawk
configure:1692: checking whether make sets $(MAKE)
configure:1712: result: yes
configure:1910: checking for gcc
configure:1936: result: gcc
configure:2180: checking for C compiler version
configure:2183: gcc --version </dev/null >&5
gcc (GCC) 3.3.2 20031218 (Gentoo Linux 3.3.2-r5, propolice-3.3-7)
Copyright (C) 2003 Free Software Foundation, Inc.
This is free software; see the source for copying conditions.  There is NO
warranty; not even for MERCHANTABILITY or FITNESS FOR A PARTICULAR PURPOSE.

configure:2186: $? = 0
configure:2188: gcc -v </dev/null >&5
Reading specs from /usr/lib/gcc-lib/i686-pc-linux-gnu/3.3.2/specs
Configured with: /var/tmp/portage/gcc-3.3.2-r5/work/gcc-3.3.2/configure --prefix=/usr --bindir=/usr/i686-pc-linux-gnu/gcc-bin/3.3 --includedir=/usr/lib/gcc-lib/i686-pc-linux-gnu/3.3.2/include --datadir=/usr/share/gcc-data/i686-pc-linux-gnu/3.3 --mandir=/usr/share/gcc-data/i686-pc-linux-gnu/3.3/man --infodir=/usr/share/gcc-data/i686-pc-linux-gnu/3.3/info --enable-shared --host=i686-pc-linux-gnu --target=i686-pc-linux-gnu --with-system-zlib --enable-languages=c,c++,f77,objc,java --enable-threads=posix --enable-long-long --disable-checking --enable-cstdio=stdio --enable-clocale=generic --enable-__cxa_atexit --enable-version-specific-runtime-libs --with-gxx-include-dir=/usr/lib/gcc-lib/i686-pc-linux-gnu/3.3.2/include/g++-v3 --with-local-prefix=/usr/local --enable-shared --enable-nls --without-included-gettext --x-includes=/usr/X11R6/include --x-libraries=/usr/X11R6/lib --enable-interpreter --enable-java-awt=xlib --with-x --disable-multilib
Thread model: posix
gcc version 3.3.2 20031218 (Gentoo Linux 3.3.2-r5, propolice-3.3-7)
configure:2191: $? = 0
configure:2193: gcc -V </dev/null >&5
gcc: `-V' option must have argument
configure:2196: $? = 1
configure:2219: checking for C compiler default output file name
configure:2222: gcc -O0 -g3   conftest.c  >&5
configure:2225: $? = 0
configure:2271: result: a.out
configure:2276: checking whether the C compiler works
configure:2282: ./a.out
configure:2285: $? = 0
configure:2302: result: yes
configure:2309: checking whether we are cross compiling
configure:2311: result: no
configure:2314: checking for suffix of executables
configure:2316: gcc -o conftest -O0 -g3   conftest.c  >&5
configure:2319: $? = 0
configure:2344: result: 
configure:2350: checking for suffix of object files
configure:2371: gcc -c -O0 -g3  conftest.c >&5
configure:2374: $? = 0
configure:2396: result: o
configure:2400: checking whether we are using the GNU C compiler
configure:2424: gcc -c -O0 -g3  conftest.c >&5
configure:2430: $? = 0
configure:2434: test -z 
			 || test ! -s conftest.err
configure:2437: $? = 0
configure:2440: test -s conftest.o
configure:2443: $? = 0
configure:2456: result: yes
configure:2462: checking whether gcc accepts -g
configure:2483: gcc -c -g  conftest.c >&5
configure:2489: $? = 0
configure:2493: test -z 
			 || test ! -s conftest.err
configure:2496: $? = 0
configure:2499: test -s conftest.o
configure:2502: $? = 0
configure:2513: result: yes
configure:2530: checking for gcc option to accept ANSI C
configure:2600: gcc  -c -O0 -g3  conftest.c >&5
configure:2606: $? = 0
configure:2610: test -z 
			 || test ! -s conftest.err
configure:2613: $? = 0
configure:2616: test -s conftest.o
configure:2619: $? = 0
configure:2637: result: none needed
configure:2655: gcc -c -O0 -g3  conftest.c >&5
conftest.c:2: error: syntax error before "me"
configure:2661: $? = 1
configure: failed program was:
| #ifndef __cplusplus
|   choke me
| #endif
configure:2813: checking for style of include used by make
configure:2841: result: GNU
configure:2869: checking dependency style of gcc
configure:2931: result: gcc3
configure:3008: checking build system type
configure:3026: result: i686-pc-linux-gnu
configure:3034: checking host system type
configure:3048: result: i686-pc-linux-gnu
configure:3078: checking for ld used by GCC
configure:3141: result: /usr/i686-pc-linux-gnu/bin/ld
configure:3150: checking if the linker (/usr/i686-pc-linux-gnu/bin/ld) is GNU ld
GNU ld version 2.14.90.0.7 20031029
configure:3162: result: yes
configure:3167: checking for /usr/i686-pc-linux-gnu/bin/ld option to reload object files
configure:3174: result: -r
configure:3179: checking for BSD-compatible nm
configure:3215: result: /usr/bin/nm -B
configure:3218: checking for a sed that does not truncate output
configure:3300: result: /bin/sed
configure:3303: checking whether ln -s works
configure:3307: result: yes
configure:3314: checking how to recognise dependent libraries
configure:3495: result: pass_all
configure:3508: checking command to parse /usr/bin/nm -B output
configure:3592: gcc -c -O0 -g3  conftest.c >&5
configure:3595: $? = 0
configure:3599: /usr/bin/nm -B conftest.o \| sed -n -e 's/^.*[ 	]\([ABCDGISTW][ABCDGISTW]*\)[ 	][ 	]*\(\)\([_A-Za-z][_A-Za-z0-9]*\)$/\1 \2\3 \3/p' \> conftest.nm
configure:3602: $? = 0
configure:3654: gcc -o conftest -O0 -g3   conftest.c conftstm.o >&5
configure:3657: $? = 0
configure:3701: result: ok
configure:3710: checking how to run the C preprocessor
configure:3745: gcc -E  conftest.c
configure:3751: $? = 0
configure:3783: gcc -E  conftest.c
conftest.c:11:28: ac_nonexistent.h: No such file or directory
configure:3789: $? = 1
configure: failed program was:
| /* confdefs.h.  */
| 
| #define PACKAGE_NAME ""
| #define PACKAGE_TARNAME ""
| #define PACKAGE_VERSION ""
| #define PACKAGE_STRING ""
| #define PACKAGE_BUGREPORT ""
| #define PACKAGE "soop"
| #define VERSION "0.1"
| /* end confdefs.h.  */
| #include <ac_nonexistent.h>
configure:3828: result: gcc -E
configure:3852: gcc -E  conftest.c
configure:3858: $? = 0
configure:3890: gcc -E  conftest.c
conftest.c:11:28: ac_nonexistent.h: No such file or directory
configure:3896: $? = 1
configure: failed program was:
| /* confdefs.h.  */
| 
| #define PACKAGE_NAME ""
| #define PACKAGE_TARNAME ""
| #define PACKAGE_VERSION ""
| #define PACKAGE_STRING ""
| #define PACKAGE_BUGREPORT ""
| #define PACKAGE "soop"
| #define VERSION "0.1"
| /* end confdefs.h.  */
| #include <ac_nonexistent.h>
configure:3940: checking for egrep
configure:3950: result: grep -E
configure:3955: checking for ANSI C header files
configure:3980: gcc -c -O0 -g3  conftest.c >&5
configure:3986: $? = 0
configure:3990: test -z 
			 || test ! -s conftest.err
configure:3993: $? = 0
configure:3996: test -s conftest.o
configure:3999: $? = 0
configure:4085: gcc -o conftest -O0 -g3   conftest.c  >&5
configure:4088: $? = 0
configure:4090: ./conftest
configure:4093: $? = 0
configure:4108: result: yes
configure:4132: checking for sys/types.h
configure:4148: gcc -c -O0 -g3  conftest.c >&5
configure:4154: $? = 0
configure:4158: test -z 
			 || test ! -s conftest.err
configure:4161: $? = 0
configure:4164: test -s conftest.o
configure:4167: $? = 0
configure:4178: result: yes
configure:4132: checking for sys/stat.h
configure:4148: gcc -c -O0 -g3  conftest.c >&5
configure:4154: $? = 0
configure:4158: test -z 
			 || test ! -s conftest.err
configure:4161: $? = 0
configure:4164: test -s conftest.o
configure:4167: $? = 0
configure:4178: result: yes
configure:4132: checking for stdlib.h
configure:4148: gcc -c -O0 -g3  conftest.c >&5
configure:4154: $? = 0
configure:4158: test -z 
			 || test ! -s conftest.err
configure:4161: $? = 0
configure:4164: test -s conftest.o
configure:4167: $? = 0
configure:4178: result: yes
configure:4132: checking for string.h
configure:4148: gcc -c -O0 -g3  conftest.c >&5
configure:4154: $? = 0
configure:4158: test -z 
			 || test ! -s conftest.err
configure:4161: $? = 0
configure:4164: test -s conftest.o
configure:4167: $? = 0
configure:4178: result: yes
configure:4132: checking for memory.h
configure:4148: gcc -c -O0 -g3  conftest.c >&5
configure:4154: $? = 0
configure:4158: test -z 
			 || test ! -s conftest.err
configure:4161: $? = 0
configure:4164: test -s conftest.o
configure:4167: $? = 0
configure:4178: result: yes
configure:4132: checking for strings.h
configure:4148: gcc -c -O0 -g3  conftest.c >&5
configure:4154: $? = 0
configure:4158: test -z 
			 || test ! -s conftest.err
configure:4161: $? = 0
configure:4164: test -s conftest.o
configure:4167: $? = 0
configure:4178: result: yes
configure:4132: checking for inttypes.h
configure:4148: gcc -c -O0 -g3  conftest.c >&5
configure:4154: $? = 0
configure:4158: test -z 
			 || test ! -s conftest.err
configure:4161: $? = 0
configure:4164: test -s conftest.o
configure:4167: $? = 0
configure:4178: result: yes
configure:4132: checking for stdint.h
configure:4148: gcc -c -O0 -g3  conftest.c >&5
configure:4154: $? = 0
configure:4158: test -z 
			 || test ! -s conftest.err
configure:4161: $? = 0
configure:4164: test -s conftest.o
configure:4167: $? = 0
configure:4178: result: yes
configure:4132: checking for unistd.h
configure:4148: gcc -c -O0 -g3  conftest.c >&5
configure:4154: $? = 0
configure:4158: test -z 
			 || test ! -s conftest.err
configure:4161: $? = 0
configure:4164: test -s conftest.o
configure:4167: $? = 0
configure:4178: result: yes
configure:4204: checking dlfcn.h usability
configure:4216: gcc -c -O0 -g3  conftest.c >&5
configure:4222: $? = 0
configure:4226: test -z 
			 || test ! -s conftest.err
configure:4229: $? = 0
configure:4232: test -s conftest.o
configure:4235: $? = 0
configure:4245: result: yes
configure:4249: checking dlfcn.h presence
configure:4259: gcc -E  conftest.c
configure:4265: $? = 0
configure:4285: result: yes
configure:4320: checking for dlfcn.h
configure:4327: result: yes
configure:4525: checking for ranlib
configure:4541: found /usr/bin/ranlib
configure:4552: result: ranlib
configure:4605: checking for strip
configure:4621: found /usr/bin/strip
configure:4632: result: strip
configure:4685: gcc -c -O0 -g3  conftest.c >&5
configure:4688: $? = 0
configure:4870: checking for objdir
configure:4881: result: .libs
configure:4898: checking for gcc option to produce PIC
configure:5044: result: -fPIC
configure:5048: checking if gcc PIC flag -fPIC works
configure:5071: gcc -c -O0 -g3 -fPIC -DPIC  conftest.c >&5
configure:5077: $? = 0
configure:5081: test -z 
			 || test ! -s conftest.err
configure:5084: $? = 0
configure:5087: test -s conftest.o
configure:5090: $? = 0
configure:5128: result: yes
configure:5144: checking if gcc static flag -static works
configure:5168: gcc -o conftest -O0 -g3   -static conftest.c  >&5
configure:5174: $? = 0
configure:5178: test -z 
			 || test ! -s conftest.err
configure:5181: $? = 0
configure:5184: test -s conftest
configure:5187: $? = 0
configure:5204: result: yes
configure:5216: checking if gcc supports -c -o file.o
configure:5239: gcc -c -O0 -g3 -o out/conftest2.o  conftest.c >&5
configure:5260: result: yes
configure:5265: checking if gcc supports -c -o file.lo
configure:5292: gcc -c -O0 -g3 -c -o conftest.lo  conftest.c >&5
configure:5298: $? = 0
configure:5302: test -z 
			 || test ! -s conftest.err
configure:5305: $? = 0
configure:5308: test -s conftest.lo
configure:5311: $? = 0
configure:5333: result: yes
configure:5364: checking if gcc supports -fno-rtti -fno-exceptions
configure:5386: gcc -c -O0 -g3 -fno-rtti -fno-exceptions -c conftest.c  conftest.c >&5
cc1: warning: "-fno-rtti" is valid for C++ but not for C/ObjC
cc1: warning: "-fno-rtti" is valid for C++ but not for C/ObjC
configure:5392: $? = 0
configure:5396: test -z 
			 || test ! -s conftest.err
configure:5399: $? = 0
configure:5402: test -s conftest.o
configure:5405: $? = 0
configure:5422: result: no
configure:5433: checking whether the linker (/usr/i686-pc-linux-gnu/bin/ld) supports shared libraries
configure:6152: result: yes
configure:6157: checking how to hardcode library paths into programs
configure:6181: result: immediate
configure:6186: checking whether stripping libraries is possible
configure:6191: result: yes
configure:6202: checking dynamic linker characteristics
configure:6640: result: GNU/Linux ld.so
configure:6645: checking if libtool supports shared libraries
configure:6647: result: yes
configure:6650: checking whether to build shared libraries
configure:6671: result: yes
configure:6674: checking whether to build static libraries
configure:6678: result: yes
configure:7428: checking whether -lc should be explicitly linked in
configure:7436: gcc -c -O0 -g3  conftest.c >&5
configure:7439: $? = 0
configure:7453: gcc -shared conftest.o  -v -Wl,-soname -Wl,conftest -o conftest 2\>\&1 \| grep  -lc  \>/dev/null 2\>\&1
configure:7456: $? = 0
configure:7469: result: no
configure:8146: creating ./config.status

## ---------------------- ##
## Running config.status. ##
## ---------------------- ##

This file was extended by config.status, which was
generated by GNU Autoconf 2.58.  Invocation command line was

  CONFIG_FILES    = 
  CONFIG_HEADERS  = 
  CONFIG_LINKS    = 
  CONFIG_COMMANDS = 
  $ ./config.status 

on abutre.tavares.net

config.status:694: creating Makefile
config.status:694: creating src/Makefile
config.status:694: creating libsclient/Makefile
config.status:791: creating config.h
config.status:899: config.h is unchanged
config.status:1060: executing depfiles commands

## ---------------- ##
## Cache variables. ##
## ---------------- ##

ac_cv_build=i686-pc-linux-gnu
ac_cv_build_alias=i686-pc-linux-gnu
ac_cv_c_compiler_gnu=yes
ac_cv_env_CC_set=set
ac_cv_env_CC_value=gcc
ac_cv_env_CFLAGS_set=set
ac_cv_env_CFLAGS_value='-O0 -g3'
ac_cv_env_CPPFLAGS_set=
ac_cv_env_CPPFLAGS_value=
ac_cv_env_CPP_set=
ac_cv_env_CPP_value=
ac_cv_env_LDFLAGS_set=
ac_cv_env_LDFLAGS_value=
ac_cv_env_build_alias_set=
ac_cv_env_build_alias_value=
ac_cv_env_host_alias_set=
ac_cv_env_host_alias_value=
ac_cv_env_target_alias_set=
ac_cv_env_target_alias_value=
ac_cv_exeext=
ac_cv_header_dlfcn_h=yes
ac_cv_header_inttypes_h=yes
ac_cv_header_memory_h=yes
ac_cv_header_stdc=yes
ac_cv_header_stdint_h=yes
ac_cv_header_stdlib_h=yes
ac_cv_header_string_h=yes
ac_cv_header_strings_h=yes
ac_cv_header_sys_stat_h=yes
ac_cv_header_sys_types_h=yes
ac_cv_header_unistd_h=yes
ac_cv_host=i686-pc-linux-gnu
ac_cv_host_alias=i686-pc-linux-gnu
ac_cv_objext=o
ac_cv_path_install='/bin/install -c'
ac_cv_prog_AWK=gawk
ac_cv_prog_CPP='gcc -E'
ac_cv_prog_ac_ct_CC=gcc
ac_cv_prog_ac_ct_RANLIB=ranlib
ac_cv_prog_ac_ct_STRIP=strip
ac_cv_prog_cc_g=yes
ac_cv_prog_cc_stdc=
ac_cv_prog_egrep='grep -E'
ac_cv_prog_make_make_set=yes
am_cv_CC_dependencies_compiler_type=gcc3
lt_cv_archive_cmds_need_lc=no
lt_cv_cc_64bit_output=no
lt_cv_compiler_c_o=yes
lt_cv_compiler_o_lo=yes
lt_cv_deplibs_check_method=pass_all
lt_cv_file_magic_cmd='$MAGIC_CMD'
lt_cv_file_magic_test_file='/lib/libc.so.6 /lib/libc-2.3.2.so'
lt_cv_global_symbol_to_c_name_address='sed -n -e '\''s/^: \([^ ]*\) $/  {\"\1\", (lt_ptr) 0},/p'\'' -e '\''s/^[BCDEGRST] \([^ ]*\) \([^ ]*\)$/  {"\2", (lt_ptr) \&\2},/p'\'''
lt_cv_global_symbol_to_cdecl='sed -n -e '\''s/^. .* \(.*\)$/extern char \1;/p'\'''
lt_cv_ld_reload_flag=-r
lt_cv_path_LD=/usr/i686-pc-linux-gnu/bin/ld
lt_cv_path_NM='/usr/bin/nm -B'
lt_cv_path_SED=/bin/sed
lt_cv_prog_cc_can_build_shared=yes
lt_cv_prog_cc_no_builtin=
lt_cv_prog_cc_pic=' -fPIC'
lt_cv_prog_cc_pic_works=yes
lt_cv_prog_cc_shlib=
lt_cv_prog_cc_static=-static
lt_cv_prog_cc_static_works=yes
lt_cv_prog_cc_wl=-Wl,
lt_cv_prog_gnu_ld=yes
lt_cv_sys_global_symbol_pipe='sed -n -e '\''s/^.*[ 	]\([ABCDGISTW][ABCDGISTW]*\)[ 	][ 	]*\(\)\([_A-Za-z][_A-Za-z0-9]*\)$/\1 \2\3 \3/p'\'''

## ----------------- ##
## Output variables. ##
## ----------------- ##

ACLOCAL='${SHELL} /home/mtavares/Projects/DEI/EAI/Trabalhos/RoboCup/soop/missing --run aclocal-1.6'
AMDEPBACKSLASH='\'
AMDEP_FALSE='#'
AMDEP_TRUE=''
AMTAR='${SHELL} /home/mtavares/Projects/DEI/EAI/Trabalhos/RoboCup/soop/missing --run tar'
AUTOCONF='${SHELL} /home/mtavares/Projects/DEI/EAI/Trabalhos/RoboCup/soop/missing --run autoconf'
AUTOHEADER='${SHELL} /home/mtavares/Projects/DEI/EAI/Trabalhos/RoboCup/soop/missing --run autoheader'
AUTOMAKE='${SHELL} /home/mtavares/Projects/DEI/EAI/Trabalhos/RoboCup/soop/missing --run automake-1.6'
AWK='gawk'
CC='gcc'
CCDEPMODE='depmode=gcc3'
CFLAGS='-O0 -g3'
CPP='gcc -E'
CPPFLAGS=''
DEFS='-DHAVE_CONFIG_H'
DEPDIR='.deps'
ECHO='echo'
ECHO_C=''
ECHO_N='-n'
ECHO_T=''
EGREP='grep -E'
EXEEXT=''
INSTALL_DATA='${INSTALL} -m 644'
INSTALL_PROGRAM='${INSTALL}'
INSTALL_SCRIPT='${INSTALL}'
INSTALL_STRIP_PROGRAM='${SHELL} $(install_sh) -c -s'
LDFLAGS=''
LIBOBJS=''
LIBS=''
LIBTOOL='$(SHELL) $(top_builddir)/libtool'
LN_S='ln -s'
LTLIBOBJS=''
MAKEINFO='${SHELL} /home/mtavares/Projects/DEI/EAI/Trabalhos/RoboCup/soop/missing --run makeinfo'
OBJEXT='o'
PACKAGE='soop'
PACKAGE_BUGREPORT=''
PACKAGE_NAME=''
PACKAGE_STRING=''
PACKAGE_TARNAME=''
PACKAGE_VERSION=''
PATH_SEPARATOR=':'
RANLIB='ranlib'
SET_MAKE=''
SHELL='/bin/sh'
STRIP='strip'
VERSION='0.1'
ac_ct_CC='gcc'
ac_ct_RANLIB='ranlib'
ac_ct_STRIP='strip'
am__include='include'
am__quote=''
bindir='${exec_prefix}/bin'
build='i686-pc-linux-gnu'
build_alias=''
build_cpu='i686'
build_os='linux-gnu'
build_vendor='pc'
datadir='${prefix}/share'
exec_prefix='${prefix}'
host='i686-pc-linux-gnu'
host_alias=''
host_cpu='i686'
host_os='linux-gnu'
host_vendor='pc'
includedir='${prefix}/include'
infodir='${prefix}/info'
install_sh='/home/mtavares/Projects/DEI/EAI/Trabalhos/RoboCup/soop/install-sh'
libdir='${exec_prefix}/lib'
libexecdir='${exec_prefix}/libexec'
localstatedir='${prefix}/var'
mandir='${prefix}/man'
oldincludedir='/usr/include'
prefix='/usr/local'
program_transform_name='s,x,x,'
sbindir='${exec_prefix}/sbin'
sharedstatedir='${prefix}/com'
sysconfdir='${prefix}/etc'
target_alias=''

## ----------- ##
## confdefs.h. ##
## ----------- ##

#define HAVE_DLFCN_H 1
#define HAVE_INTTYPES_H 1
#define HAVE_MEMORY_H 1
#define HAVE_STDINT_H 1
#define HAVE_STDLIB_H 1
#define HAVE_STRINGS_H 1
#define HAVE_STRING_H 1
#define HAVE_SYS_STAT_H 1
#define HAVE_SYS_TYPES_H 1
#define HAVE_UNISTD_H 1
#define PACKAGE "soop"
#define PACKAGE_BUGREPORT ""
#define PACKAGE_NAME ""
#define PACKAGE_STRING ""
#define PACKAGE_TARNAME ""
#define PACKAGE_VERSION ""
#define STDC_HEADERS 1
#define VERSION "0.1"

configure: exit 0

## ---------------------- ##
## Running config.status. ##
## ---------------------- ##

This file was extended by config.status, which was
generated by GNU Autoconf 2.58.  Invocation command line was

  CONFIG_FILES    = 
  CONFIG_HEADERS  = 
  CONFIG_LINKS    = 
  CONFIG_COMMANDS = 
  $ ./config.status Makefile

on abutre.tavares.net

config.status:694: creating Makefile

## ---------------------- ##
## Running config.status. ##
## ---------------------- ##

This file was extended by config.status, which was
generated by GNU Autoconf 2.58.  Invocation command line was

  CONFIG_FILES    = 
  CONFIG_HEADERS  = 
  CONFIG_LINKS    = 
  CONFIG_COMMANDS = 
  $ ./config.status src/Makefile depfiles

on abutre.tavares.net

config.status:694: creating src/Makefile
config.status:1060: executing depfiles commands

## ---------------------- ##
## Running config.status. ##
## ---------------------- ##

This file was extended by config.status, which was
generated by GNU Autoconf 2.58.  Invocation command line was

  CONFIG_FILES    = 
  CONFIG_HEADERS  = 
  CONFIG_LINKS    = 
  CONFIG_COMMANDS = 
  $ ./config.status src/Makefile depfiles

on abutre.tavares.net

config.status:694: creating src/Makefile
config.status:1060: executing depfiles commands

## ---------------------- ##
## Running config.status. ##
## ---------------------- ##

This file was extended by config.status, which was
generated by GNU Autoconf 2.58.  Invocation command line was

  CONFIG_FILES    = 
  CONFIG_HEADERS  = 
  CONFIG_LINKS    = 
  CONFIG_COMMANDS = 
  $ ./config.status src/Makefile depfiles

on abutre.tavares.net

config.status:694: creating src/Makefile
config.status:1060: executing depfiles commands

## ---------------------- ##
## Running config.status. ##
## ---------------------- ##

This file was extended by config.status, which was
generated by GNU Autoconf 2.58.  Invocation command line was

  CONFIG_FILES    = 
  CONFIG_HEADERS  = 
  CONFIG_LINKS    = 
  CONFIG_COMMANDS = 
  $ ./config.status libsclient/Makefile depfiles

on abutre.tavares.net

config.status:694: creating libsclient/Makefile
config.status:1060: executing depfiles commands

## ---------------------- ##
## Running config.status. ##
## ---------------------- ##

This file was extended by config.status, which was
generated by GNU Autoconf 2.58.  Invocation command line was

  CONFIG_FILES    = 
  CONFIG_HEADERS  = 
  CONFIG_LINKS    = 
  CONFIG_COMMANDS = 
  $ ./config.status libsclient/Makefile depfiles

on abutre.tavares.net

config.status:694: creating libsclient/Makefile
config.status:1060: executing depfiles commands

## ---------------------- ##
## Running config.status. ##
## ---------------------- ##

This file was extended by config.status, which was
generated by GNU Autoconf 2.58.  Invocation command line was

  CONFIG_FILES    = 
  CONFIG_HEADERS  = 
  CONFIG_LINKS    = 
  CONFIG_COMMANDS = 
  $ ./config.status src/Makefile depfiles

on abutre.tavares.net

config.status:694: creating src/Makefile
config.status:1060: executing depfiles commands
